C51 COMPILER V9.60.7.0   DELAYXMS                                                          04/26/2024 22:34:09 PAGE 1   


C51 COMPILER V9.60.7.0, COMPILATION OF MODULE DELAYXMS
OBJECT MODULE PLACED IN .\Objects\Delayxms.obj
COMPILER INVOKED BY: D:\Keil uvision5\C51\BIN\C51.EXE Delayxms.c OPTIMIZE(8,SPEED) BROWSE DEBUG OBJECTEXTEND PRINT(.\Lis
                    -tings\Delayxms.lst) OBJECT(.\Objects\Delayxms.obj)

line level    source

   1          void Delayxms(unsigned int xms)
   2          {
   3   1              unsigned char i,j;
   4   1              while(xms--)
   5   1              {
   6   2                      i = 2;
   7   2                      j = 239;
   8   2                      do
   9   2                      {
  10   3                              while(--j);
  11   3                      }while(--i);
  12   2              }
  13   1      }


MODULE INFORMATION:   STATIC OVERLAYABLE
   CODE SIZE        =     21    ----
   CONSTANT SIZE    =   ----    ----
   XDATA SIZE       =   ----    ----
   PDATA SIZE       =   ----    ----
   DATA SIZE        =   ----    ----
   IDATA SIZE       =   ----    ----
   BIT SIZE         =   ----    ----
END OF MODULE INFORMATION.


C51 COMPILATION COMPLETE.  0 WARNING(S),  0 ERROR(S)
