C51 COMPILER V9.60.7.0   DISTANCE                                                          05/10/2024 14:23:23 PAGE 1   


C51 COMPILER V9.60.7.0, COMPILATION OF MODULE DISTANCE
OBJECT MODULE PLACED IN .\Objects\Distance.obj
COMPILER INVOKED BY: D:\Keil uvision5\C51\BIN\C51.EXE Distance.c OPTIMIZE(8,SPEED) BROWSE DEBUG OBJECTEXTEND PRINT(.\Lis
                    -tings\Distance.lst) OBJECT(.\Objects\Distance.obj)

line level    source

   1          #include <REGX52.H>
   2          sbit Trig = P1^6;
   3          sbit Echo = P1^7;
   4          
   5          unsigned int time;
   6          unsigned int s;
   7          void delayxus(unsigned int xus)
   8          {
   9   1              while(xus--);
  10   1      }
  11          void Time1Init()
  12          {
  13   1              TMOD &= 0x0F; // 清除T1相关的高四位，保持T0设置不变
  14   1              TMOD |= 0x10; // 设置T1为模式1
  15   1              TH1 = 0;
  16   1              TL1 = 0;
  17   1              TR1 = 0;
  18   1      }
  19          
  20          int Distance()
  21          {
  22   1              while(1)
  23   1              {
  24   2                      Trig = 1;
  25   2                      delayxus(2);
  26   2                      Trig = 0;//先给trig持续两毫秒高电平信号
  27   2              
  28   2                      while(!Echo);
  29   2                      TR1 = 1;//等待Echo出现高电平，然后定时器开启
  30   2                      while(Echo);
  31   2                      TR1 = 0;//知道Echo出现低电平，然后定时器关闭
  32   2                      time = TH1*256 + TL1;
  33   2                      s = (time*1.7)/100;//
  34   2                      /*
  35   2                              这里测的time是微秒级别，要计算成以厘米表示的距离，需要首先除以10^6然后乘以340（声速），
  36   2                              除以2（得到单次距离），计算出的时间*100（得到以厘米为单位的距离），合下来就是乘以1.7再除以100
  37   2                      */
  38   2                      TH1 = 0;
  39   2                      TL1 = 0;
  40   2                      
  41   2                      return s;
  42   2              }
  43   1      }


MODULE INFORMATION:   STATIC OVERLAYABLE
   CODE SIZE        =    107    ----
   CONSTANT SIZE    =   ----    ----
   XDATA SIZE       =   ----    ----
   PDATA SIZE       =   ----    ----
   DATA SIZE        =      4    ----
   IDATA SIZE       =   ----    ----
   BIT SIZE         =   ----    ----
END OF MODULE INFORMATION.

C51 COMPILER V9.60.7.0   DISTANCE                                                          05/10/2024 14:23:23 PAGE 2   


C51 COMPILATION COMPLETE.  0 WARNING(S),  0 ERROR(S)
