C51 COMPILER V9.60.7.0   LED                                                               05/09/2024 00:01:42 PAGE 1   


C51 COMPILER V9.60.7.0, COMPILATION OF MODULE LED
OBJECT MODULE PLACED IN .\Objects\led.obj
COMPILER INVOKED BY: D:\Keil uvision5\C51\BIN\C51.EXE led.c OPTIMIZE(8,SPEED) BROWSE DEBUG OBJECTEXTEND PRINT(.\Listings
                    -\led.lst) OBJECT(.\Objects\led.obj)

line level    source

   1          #include <REGX52.H>
   2          
   3          void judge_distance(unsigned int distance)
   4          {
   5   1              if (distance>=0 && distance < 20 )  
   6   1              {                     //情况1
   7   2                      P2_0 = 0; // 低电平点亮
   8   2                      P2_1 = 0;//常亮5个灯
   9   2                      P2_2 = 0;
  10   2                      P2_3 = 0;
  11   2                      P2_4 = 0;
  12   2          }
  13   1               
  14   1          else if (distance >= 20 && distance < 40 )  
  15   1              {                     //情况2
  16   2                      P2_0 = 0;//常亮3个灯
  17   2                      P2_1 = 0;
  18   2                      P2_2 = 0;
  19   2                      P2_3 = 1;
  20   2                      P2_4 = 1;
  21   2          }
  22   1              
  23   1              else if (distance >= 40 && distance < 60 )
  24   1              {                                         //情况3
  25   2                      P2_0 = 0;//常亮1个灯
  26   2                      P2_1 = 1;
  27   2                      P2_2 = 1;
  28   2                      P2_3 = 1;
  29   2                      P2_4 = 1;
  30   2              }
  31   1          else if (distance >= 60 )  
  32   1              {                     //情况4
  33   2                      
  34   2                      P2_0=1;
  35   2                      P2_1=1; //全部灭掉
  36   2                      P2_2=1;
  37   2                      P2_3=1; 
  38   2                      P2_4=1;
  39   2                      P2_5=1;
  40   2          } 
  41   1      } 
  42          
  43          void Light_Close()
  44          {
  45   1              P2_0=1;
  46   1              P2_1=1; 
  47   1              P2_2=1;
  48   1              P2_3=1; 
  49   1              P2_4=1;
  50   1              P2_5=1;
  51   1      }


MODULE INFORMATION:   STATIC OVERLAYABLE
C51 COMPILER V9.60.7.0   LED                                                               05/09/2024 00:01:42 PAGE 2   

   CODE SIZE        =    113    ----
   CONSTANT SIZE    =   ----    ----
   XDATA SIZE       =   ----    ----
   PDATA SIZE       =   ----    ----
   DATA SIZE        =   ----    ----
   IDATA SIZE       =   ----    ----
   BIT SIZE         =   ----    ----
END OF MODULE INFORMATION.


C51 COMPILATION COMPLETE.  0 WARNING(S),  0 ERROR(S)
