C51 COMPILER V9.60.7.0   TIMER0                                                            04/24/2024 21:48:31 PAGE 1   


C51 COMPILER V9.60.7.0, COMPILATION OF MODULE TIMER0
OBJECT MODULE PLACED IN .\Objects\Timer0.obj
COMPILER INVOKED BY: D:\Keil uvision5\C51\BIN\C51.EXE Timer0.c OPTIMIZE(8,SPEED) BROWSE DEBUG OBJECTEXTEND PRINT(.\Listi
                    -ngs\Timer0.lst) OBJECT(.\Objects\Timer0.obj)

line level    source

   1          #include <REGX52.H>
   2          
   3          /**
   4            * @brief  定时器0初始化，1毫秒@12.000MHz
   5            * @param  无
   6            * @retval 无
   7            */
   8          
   9          void Timer0Init(void)
  10          {
  11   1              TMOD &= 0xF0;   // 清除T0相关的低四位，保持T1设置不变    
  12   1              TMOD |= 0x01;   // 设置T0为模式1   
  13   1              TL0 = 0x18;             
  14   1              TH0 = 0xFC;             //定时1ms
  15   1              TF0 = 0;                
  16   1              TR0 = 1;                //定时器0开始计时
  17   1              ET0=1;
  18   1              EA=1;
  19   1              PT0=0;                  //中断优先级为低
  20   1      }
  21          
  22          //定时器中断函数模板
  23          


MODULE INFORMATION:   STATIC OVERLAYABLE
   CODE SIZE        =     23    ----
   CONSTANT SIZE    =   ----    ----
   XDATA SIZE       =   ----    ----
   PDATA SIZE       =   ----    ----
   DATA SIZE        =   ----    ----
   IDATA SIZE       =   ----    ----
   BIT SIZE         =   ----    ----
END OF MODULE INFORMATION.


C51 COMPILATION COMPLETE.  0 WARNING(S),  0 ERROR(S)
